<?xml version="1.0" encoding="UTF-8"?>
<!-- Generated by org.testng.reporters.JUnitXMLReporter -->
<testsuite hostname="Neils-MacBook-Air.local" name="Default test" tests="20" failures="0" timestamp="18 Aug 2016 20:19:58 GMT" time="0.144" errors="0">
  <testcase name="testBadCountryCodeValidation" time="0.028" classname="testing.ServerSideValidationTesting"/>
  <testcase name="testBadStateCodeValidation" time="0.002" classname="testing.ServerSideValidationTesting"/>
  <testcase name="testBadZipCodeValidation" time="0.002" classname="testing.ServerSideValidationTesting"/>
  <testcase name="testGoodCompoundZipCodeValidation" time="0.002" classname="testing.ServerSideValidationTesting"/>
  <testcase name="testGoodCountryCodeValidation" time="0.002" classname="testing.ServerSideValidationTesting"/>
  <testcase name="testGoodNameValidation" time="0.003" classname="testing.ServerSideValidationTesting"/>
  <testcase name="testGoodSimpleZipCodeValidation" time="0.002" classname="testing.ServerSideValidationTesting"/>
  <testcase name="testGoodStateCodeValidation" time="0.002" classname="testing.ServerSideValidationTesting"/>
  <testcase name="testLongStateCodeValidation" time="0.002" classname="testing.ServerSideValidationTesting"/>
  <testcase name="testNullCountryCodeValidation" time="0.002" classname="testing.ServerSideValidationTesting"/>
  <testcase name="testNullNameValidation" time="0.002" classname="testing.ServerSideValidationTesting"/>
  <testcase name="testNullStateCodeValidation" time="0.002" classname="testing.ServerSideValidationTesting"/>
  <testcase name="testNullZipCodeValidation" time="0.001" classname="testing.ServerSideValidationTesting"/>
  <testcase name="testShortBadZipCodeValidation" time="0.001" classname="testing.ServerSideValidationTesting"/>
  <testcase name="testShortLongZipCodeValidation" time="0.002" classname="testing.ServerSideValidationTesting"/>
  <testcase name="testShortStateCodeValidation" time="0.003" classname="testing.ServerSideValidationTesting"/>
  <testcase name="testTooLongCountryCodeValidation" time="0.001" classname="testing.ServerSideValidationTesting"/>
  <testcase name="testTooLongNameValidation" time="0.004" classname="testing.ServerSideValidationTesting"/>
  <testcase name="testTooShortCountryCodeValidation" time="0.002" classname="testing.ServerSideValidationTesting"/>
  <testcase name="testTooShortNameValidation" time="0.002" classname="testing.ServerSideValidationTesting"/>
</testsuite> <!-- Default test -->
