<?xml version="1.0" encoding="UTF-8"?>
<testng-results skipped="0" failed="0" total="20" passed="20">
  <reporter-output>
  </reporter-output>
  <suite name="Default suite" duration-ms="144" started-at="2016-08-18T20:19:57Z" finished-at="2016-08-18T20:19:57Z">
    <groups>
    </groups>
    <test name="Default test" duration-ms="144" started-at="2016-08-18T20:19:57Z" finished-at="2016-08-18T20:19:57Z">
      <class name="testing.ServerSideValidationTesting">
        <test-method status="PASS" signature="testBadCountryCodeValidation()[pri:0, instance:testing.ServerSideValidationTesting@1753acfe]" name="testBadCountryCodeValidation" duration-ms="28" started-at="2016-08-18T16:19:57Z" finished-at="2016-08-18T16:19:57Z">
          <reporter-output>
          </reporter-output>
        </test-method> <!-- testBadCountryCodeValidation -->
        <test-method status="PASS" signature="testBadStateCodeValidation()[pri:0, instance:testing.ServerSideValidationTesting@1753acfe]" name="testBadStateCodeValidation" duration-ms="2" started-at="2016-08-18T16:19:57Z" finished-at="2016-08-18T16:19:57Z">
          <reporter-output>
          </reporter-output>
        </test-method> <!-- testBadStateCodeValidation -->
        <test-method status="PASS" signature="testBadZipCodeValidation()[pri:0, instance:testing.ServerSideValidationTesting@1753acfe]" name="testBadZipCodeValidation" duration-ms="2" started-at="2016-08-18T16:19:57Z" finished-at="2016-08-18T16:19:57Z">
          <reporter-output>
          </reporter-output>
        </test-method> <!-- testBadZipCodeValidation -->
        <test-method status="PASS" signature="testGoodCompoundZipCodeValidation()[pri:0, instance:testing.ServerSideValidationTesting@1753acfe]" name="testGoodCompoundZipCodeValidation" duration-ms="2" started-at="2016-08-18T16:19:57Z" finished-at="2016-08-18T16:19:57Z">
          <reporter-output>
          </reporter-output>
        </test-method> <!-- testGoodCompoundZipCodeValidation -->
        <test-method status="PASS" signature="testGoodCountryCodeValidation()[pri:0, instance:testing.ServerSideValidationTesting@1753acfe]" name="testGoodCountryCodeValidation" duration-ms="2" started-at="2016-08-18T16:19:57Z" finished-at="2016-08-18T16:19:57Z">
          <reporter-output>
          </reporter-output>
        </test-method> <!-- testGoodCountryCodeValidation -->
        <test-method status="PASS" signature="testGoodNameValidation()[pri:0, instance:testing.ServerSideValidationTesting@1753acfe]" name="testGoodNameValidation" duration-ms="3" started-at="2016-08-18T16:19:57Z" finished-at="2016-08-18T16:19:57Z">
          <reporter-output>
          </reporter-output>
        </test-method> <!-- testGoodNameValidation -->
        <test-method status="PASS" signature="testGoodSimpleZipCodeValidation()[pri:0, instance:testing.ServerSideValidationTesting@1753acfe]" name="testGoodSimpleZipCodeValidation" duration-ms="2" started-at="2016-08-18T16:19:57Z" finished-at="2016-08-18T16:19:57Z">
          <reporter-output>
          </reporter-output>
        </test-method> <!-- testGoodSimpleZipCodeValidation -->
        <test-method status="PASS" signature="testGoodStateCodeValidation()[pri:0, instance:testing.ServerSideValidationTesting@1753acfe]" name="testGoodStateCodeValidation" duration-ms="2" started-at="2016-08-18T16:19:57Z" finished-at="2016-08-18T16:19:57Z">
          <reporter-output>
          </reporter-output>
        </test-method> <!-- testGoodStateCodeValidation -->
        <test-method status="PASS" signature="testLongStateCodeValidation()[pri:0, instance:testing.ServerSideValidationTesting@1753acfe]" name="testLongStateCodeValidation" duration-ms="2" started-at="2016-08-18T16:19:57Z" finished-at="2016-08-18T16:19:57Z">
          <reporter-output>
          </reporter-output>
        </test-method> <!-- testLongStateCodeValidation -->
        <test-method status="PASS" signature="testNullCountryCodeValidation()[pri:0, instance:testing.ServerSideValidationTesting@1753acfe]" name="testNullCountryCodeValidation" duration-ms="2" started-at="2016-08-18T16:19:57Z" finished-at="2016-08-18T16:19:57Z">
          <reporter-output>
          </reporter-output>
        </test-method> <!-- testNullCountryCodeValidation -->
        <test-method status="PASS" signature="testNullNameValidation()[pri:0, instance:testing.ServerSideValidationTesting@1753acfe]" name="testNullNameValidation" duration-ms="2" started-at="2016-08-18T16:19:57Z" finished-at="2016-08-18T16:19:57Z">
          <reporter-output>
          </reporter-output>
        </test-method> <!-- testNullNameValidation -->
        <test-method status="PASS" signature="testNullStateCodeValidation()[pri:0, instance:testing.ServerSideValidationTesting@1753acfe]" name="testNullStateCodeValidation" duration-ms="2" started-at="2016-08-18T16:19:57Z" finished-at="2016-08-18T16:19:57Z">
          <reporter-output>
          </reporter-output>
        </test-method> <!-- testNullStateCodeValidation -->
        <test-method status="PASS" signature="testNullZipCodeValidation()[pri:0, instance:testing.ServerSideValidationTesting@1753acfe]" name="testNullZipCodeValidation" duration-ms="1" started-at="2016-08-18T16:19:57Z" finished-at="2016-08-18T16:19:57Z">
          <reporter-output>
          </reporter-output>
        </test-method> <!-- testNullZipCodeValidation -->
        <test-method status="PASS" signature="testShortBadZipCodeValidation()[pri:0, instance:testing.ServerSideValidationTesting@1753acfe]" name="testShortBadZipCodeValidation" duration-ms="1" started-at="2016-08-18T16:19:57Z" finished-at="2016-08-18T16:19:57Z">
          <reporter-output>
          </reporter-output>
        </test-method> <!-- testShortBadZipCodeValidation -->
        <test-method status="PASS" signature="testShortLongZipCodeValidation()[pri:0, instance:testing.ServerSideValidationTesting@1753acfe]" name="testShortLongZipCodeValidation" duration-ms="2" started-at="2016-08-18T16:19:57Z" finished-at="2016-08-18T16:19:57Z">
          <reporter-output>
          </reporter-output>
        </test-method> <!-- testShortLongZipCodeValidation -->
        <test-method status="PASS" signature="testShortStateCodeValidation()[pri:0, instance:testing.ServerSideValidationTesting@1753acfe]" name="testShortStateCodeValidation" duration-ms="3" started-at="2016-08-18T16:19:57Z" finished-at="2016-08-18T16:19:57Z">
          <reporter-output>
          </reporter-output>
        </test-method> <!-- testShortStateCodeValidation -->
        <test-method status="PASS" signature="testTooLongCountryCodeValidation()[pri:0, instance:testing.ServerSideValidationTesting@1753acfe]" name="testTooLongCountryCodeValidation" duration-ms="1" started-at="2016-08-18T16:19:57Z" finished-at="2016-08-18T16:19:57Z">
          <reporter-output>
          </reporter-output>
        </test-method> <!-- testTooLongCountryCodeValidation -->
        <test-method status="PASS" signature="testTooLongNameValidation()[pri:0, instance:testing.ServerSideValidationTesting@1753acfe]" name="testTooLongNameValidation" duration-ms="4" started-at="2016-08-18T16:19:57Z" finished-at="2016-08-18T16:19:57Z">
          <reporter-output>
          </reporter-output>
        </test-method> <!-- testTooLongNameValidation -->
        <test-method status="PASS" signature="testTooShortCountryCodeValidation()[pri:0, instance:testing.ServerSideValidationTesting@1753acfe]" name="testTooShortCountryCodeValidation" duration-ms="2" started-at="2016-08-18T16:19:57Z" finished-at="2016-08-18T16:19:57Z">
          <reporter-output>
          </reporter-output>
        </test-method> <!-- testTooShortCountryCodeValidation -->
        <test-method status="PASS" signature="testTooShortNameValidation()[pri:0, instance:testing.ServerSideValidationTesting@1753acfe]" name="testTooShortNameValidation" duration-ms="2" started-at="2016-08-18T16:19:57Z" finished-at="2016-08-18T16:19:57Z">
          <reporter-output>
          </reporter-output>
        </test-method> <!-- testTooShortNameValidation -->
      </class> <!-- testing.ServerSideValidationTesting -->
    </test> <!-- Default test -->
  </suite> <!-- Default suite -->
</testng-results>
